<?xml version="1.0" encoding="UTF-8"?>
<!-- Generated by org.testng.reporters.JUnitReportReporter -->
<testsuite hostname="DESKTOP-U3N6UUJ" failures="0" tests="1" name="WrongCredentialsTest" time="2.108" errors="0" timestamp="19 Jun 2022 12:51:53 GMT" skipped="0">
  <testcase classname="WrongCredentialsTest" name="wrongCredentialsTest" time="2.108"/>
</testsuite> <!-- WrongCredentialsTest -->
